<?xml version="1.0" encoding="UTF-8"?>
<!-- Generated by org.testng.reporters.JUnitReportReporter -->
<testsuite hostname="Sheetal" failures="0" tests="4" name="local_docker.Firefox_local" time="46.855" errors="0" timestamp="2024-07-24T16:52:50 PDT" skipped="0">
  <testcase classname="local_docker.Firefox_local" name="test1" time="17.577"/>
  <system-out/>
  <testcase classname="local_docker.Firefox_local" name="test4" time="10.046"/>
  <system-out/>
  <testcase classname="local_docker.Firefox_local" name="test2" time="9.382"/>
  <system-out/>
  <testcase classname="local_docker.Firefox_local" name="test3" time="9.850"/>
  <system-out/>
</testsuite> <!-- local_docker.Firefox_local -->
