<?xml version="1.0" encoding="UTF-8"?>
<!-- Generated by org.testng.reporters.JUnitReportReporter -->
<testsuite hostname="Sheetal" failures="0" tests="4" name="local_docker.Chrome_local" time="31.729" errors="0" timestamp="2024-07-24T16:52:50 PDT" skipped="0">
  <testcase classname="local_docker.Chrome_local" name="test1" time="10.821"/>
  <system-out/>
  <testcase classname="local_docker.Chrome_local" name="test2" time="6.257"/>
  <system-out/>
  <testcase classname="local_docker.Chrome_local" name="test4" time="6.723"/>
  <system-out/>
  <testcase classname="local_docker.Chrome_local" name="test3" time="7.928"/>
  <system-out/>
</testsuite> <!-- local_docker.Chrome_local -->
