<?xml version="1.0" encoding="UTF-8"?>
<!-- Generated by org.testng.reporters.JUnitReportReporter -->
<testsuite hostname="Sheetal" failures="0" tests="4" name="local_docker.Chrome_local" time="30.867" errors="0" timestamp="2024-07-24T17:37:03 PDT" skipped="0">
  <testcase classname="local_docker.Chrome_local" name="test1" time="10.442"/>
  <system-out/>
  <testcase classname="local_docker.Chrome_local" name="test2" time="6.410"/>
  <system-out/>
  <testcase classname="local_docker.Chrome_local" name="test3" time="7.403"/>
  <system-out/>
  <testcase classname="local_docker.Chrome_local" name="test4" time="6.612"/>
  <system-out/>
</testsuite> <!-- local_docker.Chrome_local -->
